/leonardo/home/userexternal/lcappel2/credit-scoring/other_tests.py:89: DeprecationWarning: Conversion of an array with ndim > 0 to a scalar is deprecated, and will error in future. Ensure you extract a single element from your array before performing this operation. (Deprecated NumPy 1.25.)
  costs.append(int((x.dot(Q).dot(x.transpose()))+c))
PRINTING ALL THE CONFIGURATIONS: 
 - data_source: d_conf_input
 - n_counterpart: 12
 - grades: 4
 - default_prob: 0.1
 - default_module: 1
 - one_indices: [7, 10, 11]
 - gen_conf: True
 - data_path: data/dataset-ispq.csv
 - attributes: {'years': [2012, 2015], 'sector': 'no', 'revenue': 'no', 'geo_area': 'no'}
 - alpha_concentration: 0.05
 - alpha_heterogeneity: 0.01
 - alpha_homogeneity: 0.05
 - constraints: {'one_class': True, 'logic': True, 'monotonicity': True, 'concentration': False, 'min_thr': False, 'max_thr': False}
 - mu: {'one_class': 150, 'logic': 150, 'monotonicity': 40, 'concentration': 1, 'min_thr': 10, 'max_thr': 10}
 - test: {'logic': True, 'monotonicity': True, 'heterogeneity': True, 'concentration': True, 'min_thr': True, 'max_thr': True, 'homogeneity': True}
 - shots: 10000
 - reads: 5
 - gurobi_n_sol: 20
 - gurobi_fidelity: 1
 - solvers: {'brute_force': False, 'dwave_exact': True, 'annealing': False, 'gurobi': False}
DEFAULT
[0. 0. 0. 0. 0. 0. 0. 1. 0. 0. 1. 1.]
Best solution:
[[1. 0. 0. 0.]
 [0. 1. 0. 0.]
 [0. 0. 1. 0.]
 [0. 0. 1. 0.]
 [0. 0. 1. 0.]
 [0. 0. 1. 0.]
 [0. 0. 1. 0.]
 [0. 0. 1. 0.]
 [0. 0. 1. 0.]
 [0. 0. 1. 0.]
 [0. 0. 0. 1.]
 [0. 0. 0. 1.]]
CONFUSION MATRIX
[[ 33   0]
 [130   2]]
tn, fp, fn, tp =  33 0 130 2
