Loading python/3.11.7
  Loading requirement: bzip2/1.0.8-ib3znej libmd/1.0.4-2km2lxx
    libbsd/0.12.1-oocs6an expat/2.6.2-p2t4wry ncurses/6.5-svfl57u
    readline/8.2-zeda6mx gdbm/1.23-wiol7vk libiconv/1.17-nhc3mhm
    xz/5.4.6-xxxg42c zlib-ng/2.1.6-jkgunjc libxml2/2.10.3-zbbe7lm
    pigz/2.8-5bwzpml zstd/1.5.6-uq5yyux tar/1.34-jgektnv gettext/0.22.5-hsxgafg
    libffi/3.4.6-4vs4jpp libxcrypt/4.4.35-7om46b5 sqlite/3.43.2-4kl5mnp
    util-linux-uuid/2.38.1-5achpds
/leonardo/home/userexternal/lcappel2/credit-scoring/other_tests.py:89: DeprecationWarning: Conversion of an array with ndim > 0 to a scalar is deprecated, and will error in future. Ensure you extract a single element from your array before performing this operation. (Deprecated NumPy 1.25.)
  costs.append(int((x.dot(Q).dot(x.transpose()))+c))
PRINTING ALL THE CONFIGURATIONS: 
 - data_source: d_conf_input
 - n_counterpart: 13
 - grades: 4
 - default_prob: 0.1
 - default_module: 1
 - one_indices: [8, 11, 12]
 - gen_conf: True
 - data_path: data/dataset-ispq.csv
 - attributes: {'years': [2012, 2015], 'sector': 'no', 'revenue': 'no', 'geo_area': 'no'}
 - alpha_concentration: 0.05
 - alpha_heterogeneity: 0.01
 - alpha_homogeneity: 0.05
 - constraints: {'one_class': True, 'logic': True, 'monotonicity': True, 'concentration': False, 'min_thr': False, 'max_thr': False}
 - mu: {'one_class': 150, 'logic': 150, 'monotonicity': 40, 'concentration': 1, 'min_thr': 10, 'max_thr': 10}
 - test: {'logic': True, 'monotonicity': True, 'heterogeneity': True, 'concentration': True, 'min_thr': True, 'max_thr': True, 'homogeneity': True}
 - shots: 10000
 - reads: 5
 - gurobi_n_sol: 20
 - gurobi_fidelity: 1
 - solvers: {'brute_force': False, 'dwave_exact': True, 'annealing': False, 'gurobi': False}
DEFAULT
[0. 0. 0. 0. 0. 0. 0. 0. 1. 0. 0. 1. 1.]
Best solution:
[[1. 0. 0. 0.]
 [0. 1. 0. 0.]
 [0. 0. 1. 0.]
 [0. 0. 1. 0.]
 [0. 0. 1. 0.]
 [0. 0. 1. 0.]
 [0. 0. 1. 0.]
 [0. 0. 1. 0.]
 [0. 0. 0. 1.]
 [0. 0. 0. 1.]
 [0. 0. 0. 1.]
 [0. 0. 0. 1.]
 [0. 0. 0. 1.]]
CONFUSION MATRIX
[[ 37   0]
 [182   1]]
tn, fp, fn, tp =  37 0 182 1
